app/build/outputs/logs/manifest-merger-debug-report.txt
-- Merging decision tree log ---
manifest
ADDED from src/main/AndroidManifest.xml:2:1-39:12
INJECTED from src/main/AndroidManifest.xml:2:1-39:12
INJECTED from src/main/AndroidManifest.xml:2:1-39:12
INJECTED from src/main/AndroidManifest.xml:2:1-39:12
MERGED from [com.android.support:design:24.2.0] AndroidManifest.xml:17:1-24:12
MERGED from [com.google.android.gms:play-services-vision:11.0.4] AndroidManifest.xml:2:1-5:12
MERGED from [com.google.android.gms:play-services-vision-common:11.0.4] AndroidManifest.xml:2:1-5:12
MERGED from [com.google.android.gms:play-services-base:11.0.4] AndroidManifest.xml:16:1-21:12
MERGED from [com.google.android.gms:play-services-tasks:11.0.4] AndroidManifest.xml:2:1-5:12
MERGED from [com.google.android.gms:play-services-basement:11.0.4] AndroidManifest.xml:16:1-23:12
MERGED from [com.android.support:appcompat-v7:24.2.0] AndroidManifest.xml:17:1-27:12
MERGED from [com.android.support:support-v4:25.2.0] AndroidManifest.xml:17:1-27:12
MERGED from [com.android.support.constraint:constraint-layout:1.0.2] AndroidManifest.xml:2:1-11:12
MERGED from [com.android.support:recyclerview-v7:24.2.0] AndroidManifest.xml:17:1-22:12
MERGED from [com.android.support:animated-vector-drawable:24.2.0] AndroidManifest.xml:17:1-24:12
MERGED from [com.android.support:support-vector-drawable:24.2.0] AndroidManifest.xml:17:1-25:12
MERGED from [com.android.support:support-fragment:25.2.0] AndroidManifest.xml:17:1-27:12
MERGED from [com.android.support:support-media-compat:25.2.0] AndroidManifest.xml:17:1-27:12
MERGED from [com.android.support:support-core-utils:25.2.0] AndroidManifest.xml:17:1-27:12
MERGED from [com.android.support:support-core-ui:25.2.0] AndroidManifest.xml:17:1-27:12
MERGED from [com.android.support:support-compat:25.2.0] AndroidManifest.xml:17:1-27:12
INJECTED from src/main/AndroidManifest.xml:2:1-39:12
INJECTED from src/main/AndroidManifest.xml:2:1-39:12
INJECTED from src/main/AndroidManifest.xml:2:1-39:12
	package
		ADDED from src/main/AndroidManifest.xml:3:5-62
		INJECTED from src/main/AndroidManifest.xml
		INJECTED from src/main/AndroidManifest.xml
	android:versionName
		INJECTED from src/main/AndroidManifest.xml
		ADDED from src/main/AndroidManifest.xml:2:1-39:12
		INJECTED from src/main/AndroidManifest.xml
	android:versionCode
		INJECTED from src/main/AndroidManifest.xml
		ADDED from src/main/AndroidManifest.xml:2:1-39:12
		INJECTED from src/main/AndroidManifest.xml
	xmlns:android
		ADDED from src/main/AndroidManifest.xml:2:11-69
	android:installLocation
		ADDED from src/main/AndroidManifest.xml:4:5-35
uses-feature#android.hardware.camera
ADDED from src/main/AndroidManifest.xml:6:5-60
	android:name
		ADDED from src/main/AndroidManifest.xml:6:19-57
uses-permission#android.permission.CAMERA
ADDED from src/main/AndroidManifest.xml:8:5-65
	android:name
		ADDED from src/main/AndroidManifest.xml:8:22-62
uses-permission#android.permission.INTERNET
ADDED from src/main/AndroidManifest.xml:9:5-67
	android:name
		ADDED from src/main/AndroidManifest.xml:9:22-64
application
ADDED from src/main/AndroidManifest.xml:11:5-37:19
MERGED from [com.android.support:design:24.2.0] AndroidManifest.xml:22:5-20
MERGED from [com.android.support:design:24.2.0] AndroidManifest.xml:22:5-20
MERGED from [com.google.android.gms:play-services-vision:11.0.4] AndroidManifest.xml:4:5-19
MERGED from [com.google.android.gms:play-services-vision:11.0.4] AndroidManifest.xml:4:5-19
MERGED from [com.google.android.gms:play-services-vision-common:11.0.4] AndroidManifest.xml:4:5-19
MERGED from [com.google.android.gms:play-services-vision-common:11.0.4] AndroidManifest.xml:4:5-19
MERGED from [com.google.android.gms:play-services-base:11.0.4] AndroidManifest.xml:18:5-20:19
MERGED from [com.google.android.gms:play-services-base:11.0.4] AndroidManifest.xml:18:5-20:19
MERGED from [com.google.android.gms:play-services-tasks:11.0.4] AndroidManifest.xml:4:5-19
MERGED from [com.google.android.gms:play-services-tasks:11.0.4] AndroidManifest.xml:4:5-19
MERGED from [com.google.android.gms:play-services-basement:11.0.4] AndroidManifest.xml:19:5-21:19
MERGED from [com.google.android.gms:play-services-basement:11.0.4] AndroidManifest.xml:19:5-21:19
MERGED from [com.android.support:appcompat-v7:24.2.0] AndroidManifest.xml:25:5-20
MERGED from [com.android.support:appcompat-v7:24.2.0] AndroidManifest.xml:25:5-20
MERGED from [com.android.support:support-v4:25.2.0] AndroidManifest.xml:25:5-20
MERGED from [com.android.support:support-v4:25.2.0] AndroidManifest.xml:25:5-20
MERGED from [com.android.support.constraint:constraint-layout:1.0.2] AndroidManifest.xml:9:5-20
MERGED from [com.android.support.constraint:constraint-layout:1.0.2] AndroidManifest.xml:9:5-20
MERGED from [com.android.support:animated-vector-drawable:24.2.0] AndroidManifest.xml:22:5-20
MERGED from [com.android.support:animated-vector-drawable:24.2.0] AndroidManifest.xml:22:5-20
MERGED from [com.android.support:support-vector-drawable:24.2.0] AndroidManifest.xml:23:5-20
MERGED from [com.android.support:support-vector-drawable:24.2.0] AndroidManifest.xml:23:5-20
MERGED from [com.android.support:support-fragment:25.2.0] AndroidManifest.xml:25:5-20
MERGED from [com.android.support:support-fragment:25.2.0] AndroidManifest.xml:25:5-20
MERGED from [com.android.support:support-media-compat:25.2.0] AndroidManifest.xml:25:5-20
MERGED from [com.android.support:support-media-compat:25.2.0] AndroidManifest.xml:25:5-20
MERGED from [com.android.support:support-core-utils:25.2.0] AndroidManifest.xml:25:5-20
MERGED from [com.android.support:support-core-utils:25.2.0] AndroidManifest.xml:25:5-20
MERGED from [com.android.support:support-core-ui:25.2.0] AndroidManifest.xml:25:5-20
MERGED from [com.android.support:support-core-ui:25.2.0] AndroidManifest.xml:25:5-20
MERGED from [com.android.support:support-compat:25.2.0] AndroidManifest.xml:25:5-20
MERGED from [com.android.support:support-compat:25.2.0] AndroidManifest.xml:25:5-20
	android:supportsRtl
		ADDED from src/main/AndroidManifest.xml:17:9-35
	android:label
		ADDED from src/main/AndroidManifest.xml:16:9-37
	android:hardwareAccelerated
		ADDED from src/main/AndroidManifest.xml:14:9-43
	android:fullBackupContent
		ADDED from src/main/AndroidManifest.xml:13:9-42
	android:icon
		ADDED from src/main/AndroidManifest.xml:15:9-38
	android:allowBackup
		ADDED from src/main/AndroidManifest.xml:12:9-35
	android:theme
		ADDED from src/main/AndroidManifest.xml:18:9-47
meta-data#com.google.android.gms.version
ADDED from src/main/AndroidManifest.xml:19:9-21:69
MERGED from [com.google.android.gms:play-services-basement:11.0.4] AndroidManifest.xml:20:9-121
MERGED from [com.google.android.gms:play-services-basement:11.0.4] AndroidManifest.xml:20:9-121
	android:value
		ADDED from src/main/AndroidManifest.xml:21:13-66
	android:name
		ADDED from src/main/AndroidManifest.xml:20:13-58
meta-data#com.google.android.gms.vision.DEPENDENCIES
ADDED from src/main/AndroidManifest.xml:22:9-24:35
	android:value
		ADDED from src/main/AndroidManifest.xml:24:13-32
	android:name
		ADDED from src/main/AndroidManifest.xml:23:13-70
activity#com.google.android.gms.samples.vision.ocrreader.OcrCaptureActivity
ADDED from src/main/AndroidManifest.xml:26:9-34:20
	android:label
		ADDED from src/main/AndroidManifest.xml:28:13-38
	android:name
		ADDED from src/main/AndroidManifest.xml:27:13-47
intent-filter#android.intent.action.MAIN+android.intent.category.LAUNCHER
ADDED from src/main/AndroidManifest.xml:29:13-33:29
action#android.intent.action.MAIN
ADDED from src/main/AndroidManifest.xml:30:17-69
	android:name
		ADDED from src/main/AndroidManifest.xml:30:25-66
category#android.intent.category.LAUNCHER
ADDED from src/main/AndroidManifest.xml:32:17-77
	android:name
		ADDED from src/main/AndroidManifest.xml:32:27-74
activity#com.google.android.gms.samples.vision.barcodereader.TransActivity
ADDED from src/main/AndroidManifest.xml:35:9-102
	android:name
		ADDED from src/main/AndroidManifest.xml:35:19-99
activity#com.google.android.gms.samples.vision.ocrreader.TransActivity
ADDED from src/main/AndroidManifest.xml:36:9-60
	android:name
		ADDED from src/main/AndroidManifest.xml:36:19-48
uses-sdk
INJECTED from src/main/AndroidManifest.xml reason: use-sdk injection requested
INJECTED from src/main/AndroidManifest.xml
INJECTED from src/main/AndroidManifest.xml
MERGED from [com.android.support:design:24.2.0] AndroidManifest.xml:20:5-43
MERGED from [com.android.support:design:24.2.0] AndroidManifest.xml:20:5-43
MERGED from [com.google.android.gms:play-services-vision:11.0.4] AndroidManifest.xml:3:5-43
MERGED from [com.google.android.gms:play-services-vision:11.0.4] AndroidManifest.xml:3:5-43
MERGED from [com.google.android.gms:play-services-vision-common:11.0.4] AndroidManifest.xml:3:5-43
MERGED from [com.google.android.gms:play-services-vision-common:11.0.4] AndroidManifest.xml:3:5-43
MERGED from [com.google.android.gms:play-services-base:11.0.4] AndroidManifest.xml:17:5-43
MERGED from [com.google.android.gms:play-services-base:11.0.4] AndroidManifest.xml:17:5-43
MERGED from [com.google.android.gms:play-services-tasks:11.0.4] AndroidManifest.xml:3:5-43
MERGED from [com.google.android.gms:play-services-tasks:11.0.4] AndroidManifest.xml:3:5-43
MERGED from [com.google.android.gms:play-services-basement:11.0.4] AndroidManifest.xml:17:5-43
MERGED from [com.google.android.gms:play-services-basement:11.0.4] AndroidManifest.xml:17:5-43
MERGED from [com.android.support:appcompat-v7:24.2.0] AndroidManifest.xml:21:5-23:78
MERGED from [com.android.support:appcompat-v7:24.2.0] AndroidManifest.xml:21:5-23:78
MERGED from [com.android.support:support-v4:25.2.0] AndroidManifest.xml:21:5-23:54
MERGED from [com.android.support:support-v4:25.2.0] AndroidManifest.xml:21:5-23:54
MERGED from [com.android.support.constraint:constraint-layout:1.0.2] AndroidManifest.xml:5:5-7:41
MERGED from [com.android.support.constraint:constraint-layout:1.0.2] AndroidManifest.xml:5:5-7:41
MERGED from [com.android.support:recyclerview-v7:24.2.0] AndroidManifest.xml:20:5-43
MERGED from [com.android.support:recyclerview-v7:24.2.0] AndroidManifest.xml:20:5-43
MERGED from [com.android.support:animated-vector-drawable:24.2.0] AndroidManifest.xml:20:5-44
MERGED from [com.android.support:animated-vector-drawable:24.2.0] AndroidManifest.xml:20:5-44
MERGED from [com.android.support:support-vector-drawable:24.2.0] AndroidManifest.xml:21:5-43
MERGED from [com.android.support:support-vector-drawable:24.2.0] AndroidManifest.xml:21:5-43
MERGED from [com.android.support:support-fragment:25.2.0] AndroidManifest.xml:21:5-23:60
MERGED from [com.android.support:support-fragment:25.2.0] AndroidManifest.xml:21:5-23:60
MERGED from [com.android.support:support-media-compat:25.2.0] AndroidManifest.xml:21:5-23:63
MERGED from [com.android.support:support-media-compat:25.2.0] AndroidManifest.xml:21:5-23:63
MERGED from [com.android.support:support-core-utils:25.2.0] AndroidManifest.xml:21:5-23:61
MERGED from [com.android.support:support-core-utils:25.2.0] AndroidManifest.xml:21:5-23:61
MERGED from [com.android.support:support-core-ui:25.2.0] AndroidManifest.xml:21:5-23:58
MERGED from [com.android.support:support-core-ui:25.2.0] AndroidManifest.xml:21:5-23:58
MERGED from [com.android.support:support-compat:25.2.0] AndroidManifest.xml:21:5-23:58
MERGED from [com.android.support:support-compat:25.2.0] AndroidManifest.xml:21:5-23:58
INJECTED from src/main/AndroidManifest.xml
INJECTED from src/main/AndroidManifest.xml
	tools:overrideLibrary
		ADDED from [com.android.support:appcompat-v7:24.2.0] AndroidManifest.xml:23:9-75
	android:targetSdkVersion
		INJECTED from src/main/AndroidManifest.xml
		ADDED from src/main/AndroidManifest.xml
		INJECTED from src/main/AndroidManifest.xml
	android:minSdkVersion
		INJECTED from src/main/AndroidManifest.xml
		ADDED from src/main/AndroidManifest.xml
		INJECTED from src/main/AndroidManifest.xml
activity#com.google.android.gms.common.api.GoogleApiActivity
ADDED from [com.google.android.gms:play-services-base:11.0.4] AndroidManifest.xml:19:9-172
	android:exported
		ADDED from [com.google.android.gms:play-services-base:11.0.4] AndroidManifest.xml:19:146-170
	android:theme
		ADDED from [com.google.android.gms:play-services-base:11.0.4] AndroidManifest.xml:19:86-145
	android:name
		ADDED from [com.google.android.gms:play-services-base:11.0.4] AndroidManifest.xml:19:19-85